{"C:\\Projects\\repo-search\\src\\vite-env.d.ts": {"path":"C:\\Projects\\repo-search\\src\\vite-env.d.ts","statementMap":{},"fnMap":{},"branchMap":{},"s":{},"f":{},"b":{}}
,"C:\\Projects\\repo-search\\src\\components\\Paginator\\index.ts": {"path":"C:\\Projects\\repo-search\\src\\components\\Paginator\\index.ts","statementMap":{},"fnMap":{},"branchMap":{},"s":{},"f":{},"b":{}}
,"C:\\Projects\\repo-search\\src\\components\\Repository\\index.ts": {"path":"C:\\Projects\\repo-search\\src\\components\\Repository\\index.ts","statementMap":{},"fnMap":{},"branchMap":{},"s":{},"f":{},"b":{}}
,"C:\\Projects\\repo-search\\src\\components\\SearchBar\\index.ts": {"path":"C:\\Projects\\repo-search\\src\\components\\SearchBar\\index.ts","statementMap":{},"fnMap":{},"branchMap":{},"s":{},"f":{},"b":{}}
,"C:\\Projects\\repo-search\\src\\constants\\api.tsx": {"path":"C:\\Projects\\repo-search\\src\\constants\\api.tsx","statementMap":{"0":{"start":{"line":1,"column":28},"end":{"line":1,"column":72}},"1":{"start":{"line":3,"column":20},"end":{"line":3,"column":62}}},"fnMap":{},"branchMap":{},"s":{"0":0,"1":0},"f":{},"b":{}}
,"C:\\Projects\\repo-search\\src\\containers\\RepoSearch\\index.ts": {"path":"C:\\Projects\\repo-search\\src\\containers\\RepoSearch\\index.ts","statementMap":{},"fnMap":{},"branchMap":{},"s":{},"f":{},"b":{}}
}
